<?xml version="1.0" encoding="UTF-8"?>
<testng-results ignored="1" total="2" passed="1" failed="0" skipped="0">
  <reporter-output>
  </reporter-output>
  <suite started-at="2023-09-25T22:09:39 CEST" name="Default suite" finished-at="2023-09-25T22:09:41 CEST" duration-ms="2067">
    <groups>
    </groups>
    <test started-at="2023-09-25T22:09:39 CEST" name="Default test" finished-at="2023-09-25T22:09:41 CEST" duration-ms="2067">
      <class name="defaultPackage.TestGET">
        <test-method signature="test02()[pri:0, instance:defaultPackage.TestGET@5ba3f27a]" started-at="2023-09-25T22:09:39 CEST" name="test02" finished-at="2023-09-25T22:09:41 CEST" duration-ms="2035" status="PASS">
          <reporter-output>
          </reporter-output>
        </test-method> <!-- test02 -->
      </class> <!-- defaultPackage.TestGET -->
    </test> <!-- Default test -->
  </suite> <!-- Default suite -->
</testng-results>
